Arguments: 
  C:\Program Files\nodejs\node.exe C:\Program Files\nodejs\node_modules\yarn\bin\yarn.js global live-server babel-cli

PATH: 
  C:\Users\aruyamam\bin;C:\Program Files\Git\mingw64\bin;C:\Program Files\Git\usr\local\bin;C:\Program Files\Git\usr\bin;C:\Program Files\Git\usr\bin;C:\Program Files\Git\mingw64\bin;C:\Program Files\Git\usr\bin;C:\Users\aruyamam\bin;C:\ProgramData\Oracle\Java\javapath;C:\Program Files\Java\jdk1.8.0_144\bin;C:\Program Files (x86)\Intel\iCLS Client;C:\Program Files\Intel\iCLS Client;C:\Windows\system32;C:\Windows;C:\Windows\System32\Wbem;C:\Windows\System32\WindowsPowerShell\v1.0;C:\Program Files (x86)\NVIDIA Corporation\PhysX\Common;C:\Program Files (x86)\Intel\Intel(R) Management Engine Components\DAL;C:\Program Files\Intel\Intel(R) Management Engine Components\DAL;C:\Program Files (x86)\Intel\Intel(R) Management Engine Components\IPT;C:\Program Files\Intel\Intel(R) Management Engine Components\IPT;C:\HashiCorp\Vagrant\bin;C:\Program Files\PuTTY;C:\Program Files\Intel\WiFi\bin;C:\Program Files\Common Files\Intel\WirelessCommon;C:\WINDOWS\system32;C:\WINDOWS;C:\WINDOWS\System32\Wbem;C:\WINDOWS\System32\WindowsPowerShell\v1.0;C:\Users\aruyamam\AppData\Local\Microsoft\WindowsApps;C:\Users\aruyamam\AppData\Local\atom\bin;C:\Program Files (x86)\Microsoft VS Code\bin;C:\xampp\mysql\bin;C:\xampp\php;C:\Users\ar;C:\Program Files\MacType;C:\Users\aruyamam\AppData\Roaming\nvm;C:\Program Files\nodejs;C:\WINDOWS\system32;C:\WINDOWS;C:\WINDOWS\System32\Wbem;C:\WINDOWS\System32\WindowsPowerShell\v1.0;C:\Program Files\Git\cmd;C:\Program Files\Microsoft VS Code\bin;C:\Program Files\Heroku\bin;C:\Program Files\MongoDB\Server\3.6\bin;C:\Program Files (x86)\EaseUS\Todo Backup\bin\x64;C:\Program Files\Git\usr\bin\vendor_perl;C:\Program Files\Git\usr\bin\core_perl

Yarn version: 
  1.5.1

Node version: 
  9.4.0

Platform: 
  win32 x64

npm manifest: 
  No manifest

yarn manifest: 
  No manifest

Lockfile: 
  No lockfile

Trace: 
  Error: Invalid subcommand. Try "add, bin, dir, ls, list, remove, upgrade, upgrade-interactive"
      at new MessageError (C:\Users\aruyamam\AppData\Roaming\nvm\v9.4.0\node_modules\yarn\lib\cli.js:186:110)
      at Object.<anonymous> (C:\Users\aruyamam\AppData\Roaming\nvm\v9.4.0\node_modules\yarn\lib\cli.js:30362:59)
      at Generator.next (<anonymous>)
      at step (C:\Users\aruyamam\AppData\Roaming\nvm\v9.4.0\node_modules\yarn\lib\cli.js:98:30)
      at C:\Users\aruyamam\AppData\Roaming\nvm\v9.4.0\node_modules\yarn\lib\cli.js:116:14
      at new Promise (<anonymous>)
      at new F (C:\Users\aruyamam\AppData\Roaming\nvm\v9.4.0\node_modules\yarn\lib\cli.js:23451:28)
      at Object.<anonymous> (C:\Users\aruyamam\AppData\Roaming\nvm\v9.4.0\node_modules\yarn\lib\cli.js:95:12)
      at Object.run (C:\Users\aruyamam\AppData\Roaming\nvm\v9.4.0\node_modules\yarn\lib\cli.js:30366:19)
      at run (C:\Users\aruyamam\AppData\Roaming\nvm\v9.4.0\node_modules\yarn\lib\cli.js:89113:20)
